07/29/2019 04:01:39 PM FMI version not specified. Version 2.0 will be used.
07/29/2019 04:01:39 PM No configuration file was provided. JModelica does not allow to set the path to a configuration file at runtime. Hence if the exported simulation program/script needs a configuration file to run, then the path to the configuration file must be provided when creating the FMU. Otherwise the FMU will fail to run.
07/29/2019 04:01:39 PM Print Modelica model
07/29/2019 04:01:39 PM ./model_description.xml is a valid XML document.
07/29/2019 04:01:39 PM Invalid characters will be removed from the model name=pandapower.
07/29/2019 04:01:39 PM The new model name is pandapower.
07/29/2019 04:01:39 PM Declare the Python module name as pandapower_wrapper.
07/29/2019 04:01:39 PM Invalid characters will be removed from the variable name KW_7.
07/29/2019 04:01:39 PM The new variable name is KW_7.
07/29/2019 04:01:39 PM Invalid characters will be removed from the variable name KW_9.
07/29/2019 04:01:39 PM The new variable name is KW_9.
07/29/2019 04:01:39 PM Invalid characters will be removed from the variable name KW_24.
07/29/2019 04:01:39 PM The new variable name is KW_24.
07/29/2019 04:01:39 PM Invalid characters will be removed from the variable name KVAR_7.
07/29/2019 04:01:39 PM The new variable name is KVAR_7.
07/29/2019 04:01:39 PM Invalid characters will be removed from the variable name KVAR_9.
07/29/2019 04:01:39 PM The new variable name is KVAR_9.
07/29/2019 04:01:39 PM Invalid characters will be removed from the variable name KVAR_24.
07/29/2019 04:01:39 PM The new variable name is KVAR_24.
07/29/2019 04:01:39 PM Invalid characters will be removed from the variable name Vpu_7.
07/29/2019 04:01:39 PM The new variable name is Vpu_7.
07/29/2019 04:01:39 PM Invalid characters will be removed from the variable name Vpu_9.
07/29/2019 04:01:39 PM The new variable name is Vpu_9.
07/29/2019 04:01:39 PM Invalid characters will be removed from the variable name Vpu_24.
07/29/2019 04:01:39 PM The new variable name is Vpu_24.
07/29/2019 04:01:39 PM Check for duplicates in input, output and parameter variable names.
07/29/2019 04:01:39 PM Parsing of ./model_description.xml was successfull.
07/29/2019 04:01:39 PM The output file pandapower.mo exists and will be overwritten.
07/29/2019 04:01:39 PM The Modelica model pandapower.mo of pandapower is successfully created.
07/29/2019 04:01:39 PM The Modelica model pandapower.mo of pandapower is in C:\Users\DRRC\Desktop\Jonathan\voltvarwatt_with_cyme_fmus\usecases\004_pp_first_order\pandapower.
07/29/2019 04:01:39 PM Generate FMU
07/29/2019 04:01:39 PM C:\Users\DRRC\Desktop\Joscha\SimulatorToFMU\simulatortofmu\parser\libraries\modelica\SimulatorToFMU\Resources\Library\win32\SimulatorToFMUPython27.lib will be renamed to C:\Users\DRRC\Desktop\Joscha\SimulatorToFMU\simulatortofmu\parser\libraries\modelica\SimulatorToFMU\Resources\Library\win32\SimulatorToFMUPython27.libtmp.
07/29/2019 04:01:39 PM C:\Users\DRRC\Desktop\Joscha\SimulatorToFMU\simulatortofmu\parser\libraries\modelica\SimulatorToFMU\Resources\Library\win64\SimulatorToFMUPython27.lib will be renamed to C:\Users\DRRC\Desktop\Joscha\SimulatorToFMU\simulatortofmu\parser\libraries\modelica\SimulatorToFMU\Resources\Library\win64\SimulatorToFMUPython27.libtmp.
07/29/2019 04:01:43 PM C:\Users\DRRC\Desktop\Joscha\SimulatorToFMU\simulatortofmu\parser\libraries\modelica\SimulatorToFMU\Resources\Library\win32\SimulatorToFMUPython27.libtmp will be renamed to C:\Users\DRRC\Desktop\Joscha\SimulatorToFMU\simulatortofmu\parser\libraries\modelica\SimulatorToFMU\Resources\Library\win32\SimulatorToFMUPython27.lib.
07/29/2019 04:01:43 PM C:\Users\DRRC\Desktop\Joscha\SimulatorToFMU\simulatortofmu\parser\libraries\modelica\SimulatorToFMU\Resources\Library\win64\SimulatorToFMUPython27.libtmp will be renamed to C:\Users\DRRC\Desktop\Joscha\SimulatorToFMU\simulatortofmu\parser\libraries\modelica\SimulatorToFMU\Resources\Library\win64\SimulatorToFMUPython27.lib.
07/29/2019 04:01:43 PM The FMU pandapower.fmu is successfully created.
07/29/2019 04:01:43 PM The FMU pandapower.fmu is in C:\Users\DRRC\Desktop\Jonathan\voltvarwatt_with_cyme_fmus\usecases\004_pp_first_order\pandapower.
07/29/2019 04:01:43 PM Create scripts folder
07/29/2019 04:01:43 PM Create the folder Simulator.scripts with scripts to be added to the PYTHONPATH.
07/29/2019 04:01:43 PM Create binaries folder
07/29/2019 04:01:43 PM Create the folder Simulator.binaries with binaries to be added to the system PATH.
07/29/2019 04:01:43 PM C:\Users\DRRC\Desktop\Joscha\SimulatorToFMU\simulatortofmu\parser\libraries\modelica\SimulatorToFMU\Resources\Library\win32\SimulatorToFMUPython27.dll will be copied to the binaries folder pandapower.binaries.tmp\win32.
07/29/2019 04:01:43 PM C:\Users\DRRC\Desktop\Joscha\SimulatorToFMU\simulatortofmu\parser\libraries\modelica\SimulatorToFMU\Resources\Library\win32\python27.dll will be copied to the binaries folder pandapower.binaries.tmp\win32.
07/29/2019 04:01:43 PM C:\Users\DRRC\Desktop\Joscha\SimulatorToFMU\simulatortofmu\parser\libraries\modelica\SimulatorToFMU\Resources\Library\win64\SimulatorToFMUPython27.dll will be copied to the binaries folder pandapower.binaries.tmp\win64.
07/29/2019 04:01:43 PM C:\Users\DRRC\Desktop\Joscha\SimulatorToFMU\simulatortofmu\parser\libraries\modelica\SimulatorToFMU\Resources\Library\win64\python27.dll will be copied to the binaries folder pandapower.binaries.tmp\win64.
07/29/2019 04:01:43 PM Clean temporary files
07/29/2019 04:01:44 PM Rewrite FMU
07/29/2019 04:01:44 PM The model description file will be rewritten to include the attribute needsExecutionTool set to true.
07/29/2019 04:01:44 PM The FMU pandapower.fmu is successfully re-created.
07/29/2019 04:01:44 PM The FMU pandapower.fmu is in C:\Users\DRRC\Desktop\Jonathan\voltvarwatt_with_cyme_fmus\usecases\004_pp_first_order\pandapower.
07/29/2019 04:01:44 PM Export Simulator as an FMU in 5.036 seconds.
