09/03/2019 02:47:32 PM FMI version not specified. Version 2.0 will be used.
09/03/2019 02:47:32 PM No configuration file was provided. JModelica does not allow to set the path to a configuration file at runtime. Hence if the exported simulation program/script needs a configuration file to run, then the path to the configuration file must be provided when creating the FMU. Otherwise the FMU will fail to run.
09/03/2019 02:47:32 PM Print Modelica model
09/03/2019 02:47:32 PM ./model_description.xml is a valid XML document.
09/03/2019 02:47:32 PM Invalid characters will be removed from the model name=pandapower.
09/03/2019 02:47:32 PM The new model name is pandapower.
09/03/2019 02:47:32 PM Declare the Python module name as pandapower_wrapper.
09/03/2019 02:47:32 PM Invalid characters will be removed from the variable name KW_7.
09/03/2019 02:47:32 PM The new variable name is KW_7.
09/03/2019 02:47:32 PM Invalid characters will be removed from the variable name KVAR_7.
09/03/2019 02:47:32 PM The new variable name is KVAR_7.
09/03/2019 02:47:32 PM Invalid characters will be removed from the variable name Vpu_7.
09/03/2019 02:47:32 PM The new variable name is Vpu_7.
09/03/2019 02:47:32 PM Invalid characters will be removed from the variable name Vpu_12.
09/03/2019 02:47:32 PM The new variable name is Vpu_12.
09/03/2019 02:47:32 PM Check for duplicates in input, output and parameter variable names.
09/03/2019 02:47:32 PM Parsing of ./model_description.xml was successfull.
09/03/2019 02:47:32 PM The output file pandapower.mo exists and will be overwritten.
09/03/2019 02:47:32 PM The Modelica model pandapower.mo of pandapower is successfully created.
09/03/2019 02:47:32 PM The Modelica model pandapower.mo of pandapower is in C:\Users\Joscha\Documents\Github\fmi-for-power-system\examples\001_pandapower_cosimulation\pandapower.
09/03/2019 02:47:32 PM Generate FMU
09/03/2019 02:47:32 PM C:\Users\Joscha\Documents\Github\SimulatorToFMU\simulatortofmu\parser\libraries\modelica\SimulatorToFMU\Resources\Library\win32\SimulatorToFMUPython27.lib will be renamed to C:\Users\Joscha\Documents\Github\SimulatorToFMU\simulatortofmu\parser\libraries\modelica\SimulatorToFMU\Resources\Library\win32\SimulatorToFMUPython27.libtmp.
09/03/2019 02:47:32 PM C:\Users\Joscha\Documents\Github\SimulatorToFMU\simulatortofmu\parser\libraries\modelica\SimulatorToFMU\Resources\Library\win64\SimulatorToFMUPython27.lib will be renamed to C:\Users\Joscha\Documents\Github\SimulatorToFMU\simulatortofmu\parser\libraries\modelica\SimulatorToFMU\Resources\Library\win64\SimulatorToFMUPython27.libtmp.
09/03/2019 02:47:36 PM C:\Users\Joscha\Documents\Github\SimulatorToFMU\simulatortofmu\parser\libraries\modelica\SimulatorToFMU\Resources\Library\win32\SimulatorToFMUPython27.libtmp will be renamed to C:\Users\Joscha\Documents\Github\SimulatorToFMU\simulatortofmu\parser\libraries\modelica\SimulatorToFMU\Resources\Library\win32\SimulatorToFMUPython27.lib.
09/03/2019 02:47:36 PM C:\Users\Joscha\Documents\Github\SimulatorToFMU\simulatortofmu\parser\libraries\modelica\SimulatorToFMU\Resources\Library\win64\SimulatorToFMUPython27.libtmp will be renamed to C:\Users\Joscha\Documents\Github\SimulatorToFMU\simulatortofmu\parser\libraries\modelica\SimulatorToFMU\Resources\Library\win64\SimulatorToFMUPython27.lib.
09/03/2019 02:47:36 PM The FMU pandapower.fmu is successfully created.
09/03/2019 02:47:36 PM The FMU pandapower.fmu is in C:\Users\Joscha\Documents\Github\fmi-for-power-system\examples\001_pandapower_cosimulation\pandapower.
09/03/2019 02:47:36 PM Create scripts folder
09/03/2019 02:47:36 PM Create the folder Simulator.scripts with scripts to be added to the PYTHONPATH.
09/03/2019 02:47:36 PM Create binaries folder
09/03/2019 02:47:36 PM Create the folder Simulator.binaries with binaries to be added to the system PATH.
09/03/2019 02:47:36 PM C:\Users\Joscha\Documents\Github\SimulatorToFMU\simulatortofmu\parser\libraries\modelica\SimulatorToFMU\Resources\Library\win32\SimulatorToFMUPython27.dll will be copied to the binaries folder pandapower.binaries.tmp\win32.
09/03/2019 02:47:36 PM C:\Users\Joscha\Documents\Github\SimulatorToFMU\simulatortofmu\parser\libraries\modelica\SimulatorToFMU\Resources\Library\win32\python27.dll will be copied to the binaries folder pandapower.binaries.tmp\win32.
09/03/2019 02:47:36 PM C:\Users\Joscha\Documents\Github\SimulatorToFMU\simulatortofmu\parser\libraries\modelica\SimulatorToFMU\Resources\Library\win64\SimulatorToFMUPython27.dll will be copied to the binaries folder pandapower.binaries.tmp\win64.
09/03/2019 02:47:36 PM C:\Users\Joscha\Documents\Github\SimulatorToFMU\simulatortofmu\parser\libraries\modelica\SimulatorToFMU\Resources\Library\win64\python27.dll will be copied to the binaries folder pandapower.binaries.tmp\win64.
09/03/2019 02:47:36 PM Clean temporary files
09/03/2019 02:47:36 PM Rewrite FMU
09/03/2019 02:47:36 PM The model description file will be rewritten to include the attribute needsExecutionTool set to true.
09/03/2019 02:47:36 PM The FMU pandapower.fmu is successfully re-created.
09/03/2019 02:47:36 PM The FMU pandapower.fmu is in C:\Users\Joscha\Documents\Github\fmi-for-power-system\examples\001_pandapower_cosimulation\pandapower.
09/03/2019 02:47:36 PM Export Simulator as an FMU in 4.259 seconds.
